<?xml version="1.0" encoding="UTF-8"?>
<testsuite xmlns:xsi="http://www.w3.org/2001/XMLSchema-instance" xsi:noNamespaceSchemaLocation="https://maven.apache.org/surefire/maven-surefire-plugin/xsd/surefire-test-report-3.0.xsd" version="3.0" name="TestSuite" time="28.809" tests="6" errors="0" skipped="0" failures="0">
  <properties>
[...]
</properties>
  <testcase name="runScenario[&quot;Masked Password&quot;, &quot;Optional[Login]&quot;](1)" classname="com.epam.qa.TestRunner.TestRunner" time="3.906">
    <system-out><![CDATA[Using chromedriver 96.0.4664.45 (resolved driver for Chrome 96)
Exporting webdriver.chrome.driver as /Users/jhalinsonacosta/.cache/selenium/chromedriver/mac64/96.0.4664.45/chromedriver
]]></system-out>
    <system-err><![CDATA[Starting ChromeDriver 96.0.4664.45 (76e4c1bb2ab4671b8beba3444e61c0f17584b2fc-refs/branch-heads/4664@{#947}) on port 56925
Only local connections are allowed.
Please see https://chromedriver.chromium.org/security-considerations for suggestions on keeping ChromeDriver safe.
ChromeDriver was started successfully.
Dec 28, 2021 10:48:40 AM org.openqa.selenium.remote.ProtocolHandshake createSession
INFO: Detected dialect: W3C
Dec 28, 2021 10:48:40 AM org.openqa.selenium.devtools.CdpVersionFinder findNearestMatch
INFO: Found exact CDP implementation for version 96
]]></system-err>
  </testcase>
  <testcase name="runScenario[&quot;Unsuccessful&quot;, &quot;Optional[Login]&quot;](2)" classname="com.epam.qa.TestRunner.TestRunner" time="3.09"/>
  <testcase name="runScenario[&quot;Unsuccessful&quot;, &quot;Optional[Login]&quot;](3)" classname="com.epam.qa.TestRunner.TestRunner" time="3.296"/>
  <testcase name="runScenario[&quot;Unsuccessful&quot;, &quot;Optional[Login]&quot;](4)" classname="com.epam.qa.TestRunner.TestRunner" time="3.354"/>
  <testcase name="runScenario[&quot;Unsuccessful&quot;, &quot;Optional[Login]&quot;](5)" classname="com.epam.qa.TestRunner.TestRunner" time="3.045"/>
  <testcase name="runScenario[&quot;Successful&quot;, &quot;Optional[Login]&quot;](6)" classname="com.epam.qa.TestRunner.TestRunner" time="4.126"/>
</testsuite>