<?xml version="1.0" encoding="UTF-8"?>
<testng-results ignored="0" total="6" passed="6" failed="0" skipped="0">
  <reporter-output>
  </reporter-output>
  <suite started-at="2021-12-28T10:48:36 AST" name="All Test Suite" finished-at="2021-12-28T10:49:04 AST" duration-ms="28104">
    <groups>
      <group name="cucumber">
        <method signature="AbstractTestNGCucumberTests.runScenario(io.cucumber.testng.PickleWrapper,io.cucumber.testng.FeatureWrapper)[pri:0, instance:com.epam.qa.TestRunner.TestRunner@78fa769e]" name="runScenario" class="io.cucumber.testng.AbstractTestNGCucumberTests"/>
      </group> <!-- cucumber -->
    </groups>
    <test started-at="2021-12-28T10:48:36 AST" name="/Users/jhalinsonacosta/Desktop/cucumberframework" finished-at="2021-12-28T10:49:04 AST" duration-ms="28104">
      <class name="com.epam.qa.TestRunner.TestRunner">
        <test-method is-config="true" signature="setUp()[pri:0, instance:com.epam.qa.TestRunner.TestRunner@78fa769e]" started-at="2021-12-28T10:48:36 AST" name="setUp" finished-at="2021-12-28T10:48:43 AST" duration-ms="6692" status="PASS">
          <reporter-output>
          </reporter-output>
        </test-method> <!-- setUp -->
        <test-method is-config="true" signature="setUpClass(org.testng.ITestContext)[pri:0, instance:com.epam.qa.TestRunner.TestRunner@78fa769e]" started-at="2021-12-28T10:48:43 AST" name="setUpClass" finished-at="2021-12-28T10:48:43 AST" duration-ms="232" status="PASS">
          <params>
            <param index="0">
              <value>
                <![CDATA[org.testng.TestRunner@2415e4c7]]>
              </value>
            </param>
          </params>
          <reporter-output>
          </reporter-output>
        </test-method> <!-- setUpClass -->
        <test-method signature="runScenario(io.cucumber.testng.PickleWrapper,io.cucumber.testng.FeatureWrapper)[pri:0, instance:com.epam.qa.TestRunner.TestRunner@78fa769e]" started-at="2021-12-28T10:48:43 AST" name="runScenario" description="Runs Cucumber Scenarios" data-provider="scenarios" finished-at="2021-12-28T10:48:47 AST" duration-ms="3915" status="PASS">
          <params>
            <param index="0">
              <value>
                <![CDATA["Masked Password"]]>
              </value>
            </param>
            <param index="1">
              <value>
                <![CDATA["Optional[Login]"]]>
              </value>
            </param>
          </params>
          <reporter-output>
          </reporter-output>
        </test-method> <!-- runScenario -->
        <test-method signature="runScenario(io.cucumber.testng.PickleWrapper,io.cucumber.testng.FeatureWrapper)[pri:0, instance:com.epam.qa.TestRunner.TestRunner@78fa769e]" started-at="2021-12-28T10:48:47 AST" name="runScenario" description="Runs Cucumber Scenarios" data-provider="scenarios" finished-at="2021-12-28T10:48:50 AST" duration-ms="3089" status="PASS">
          <params>
            <param index="0">
              <value>
                <![CDATA["Unsuccessful"]]>
              </value>
            </param>
            <param index="1">
              <value>
                <![CDATA["Optional[Login]"]]>
              </value>
            </param>
          </params>
          <reporter-output>
          </reporter-output>
        </test-method> <!-- runScenario -->
        <test-method signature="runScenario(io.cucumber.testng.PickleWrapper,io.cucumber.testng.FeatureWrapper)[pri:0, instance:com.epam.qa.TestRunner.TestRunner@78fa769e]" started-at="2021-12-28T10:48:50 AST" name="runScenario" description="Runs Cucumber Scenarios" data-provider="scenarios" finished-at="2021-12-28T10:48:54 AST" duration-ms="3296" status="PASS">
          <params>
            <param index="0">
              <value>
                <![CDATA["Unsuccessful"]]>
              </value>
            </param>
            <param index="1">
              <value>
                <![CDATA["Optional[Login]"]]>
              </value>
            </param>
          </params>
          <reporter-output>
          </reporter-output>
        </test-method> <!-- runScenario -->
        <test-method signature="runScenario(io.cucumber.testng.PickleWrapper,io.cucumber.testng.FeatureWrapper)[pri:0, instance:com.epam.qa.TestRunner.TestRunner@78fa769e]" started-at="2021-12-28T10:48:54 AST" name="runScenario" description="Runs Cucumber Scenarios" data-provider="scenarios" finished-at="2021-12-28T10:48:57 AST" duration-ms="3355" status="PASS">
          <params>
            <param index="0">
              <value>
                <![CDATA["Unsuccessful"]]>
              </value>
            </param>
            <param index="1">
              <value>
                <![CDATA["Optional[Login]"]]>
              </value>
            </param>
          </params>
          <reporter-output>
          </reporter-output>
        </test-method> <!-- runScenario -->
        <test-method signature="runScenario(io.cucumber.testng.PickleWrapper,io.cucumber.testng.FeatureWrapper)[pri:0, instance:com.epam.qa.TestRunner.TestRunner@78fa769e]" started-at="2021-12-28T10:48:57 AST" name="runScenario" description="Runs Cucumber Scenarios" data-provider="scenarios" finished-at="2021-12-28T10:49:00 AST" duration-ms="3045" status="PASS">
          <params>
            <param index="0">
              <value>
                <![CDATA["Unsuccessful"]]>
              </value>
            </param>
            <param index="1">
              <value>
                <![CDATA["Optional[Login]"]]>
              </value>
            </param>
          </params>
          <reporter-output>
          </reporter-output>
        </test-method> <!-- runScenario -->
        <test-method signature="runScenario(io.cucumber.testng.PickleWrapper,io.cucumber.testng.FeatureWrapper)[pri:0, instance:com.epam.qa.TestRunner.TestRunner@78fa769e]" started-at="2021-12-28T10:49:00 AST" name="runScenario" description="Runs Cucumber Scenarios" data-provider="scenarios" finished-at="2021-12-28T10:49:04 AST" duration-ms="4125" status="PASS">
          <params>
            <param index="0">
              <value>
                <![CDATA["Successful"]]>
              </value>
            </param>
            <param index="1">
              <value>
                <![CDATA["Optional[Login]"]]>
              </value>
            </param>
          </params>
          <reporter-output>
          </reporter-output>
        </test-method> <!-- runScenario -->
        <test-method is-config="true" signature="tearDownClass()[pri:0, instance:com.epam.qa.TestRunner.TestRunner@78fa769e]" started-at="2021-12-28T10:49:04 AST" name="tearDownClass" finished-at="2021-12-28T10:49:04 AST" duration-ms="11" status="PASS">
          <reporter-output>
          </reporter-output>
        </test-method> <!-- tearDownClass -->
        <test-method is-config="true" signature="tearDown()[pri:0, instance:com.epam.qa.TestRunner.TestRunner@78fa769e]" started-at="2021-12-28T10:49:04 AST" name="tearDown" finished-at="2021-12-28T10:49:04 AST" duration-ms="217" status="PASS">
          <reporter-output>
          </reporter-output>
        </test-method> <!-- tearDown -->
      </class> <!-- com.epam.qa.TestRunner.TestRunner -->
    </test> <!-- /Users/jhalinsonacosta/Desktop/cucumberframework -->
  </suite> <!-- All Test Suite -->
</testng-results>
